[18/Dec/2020:09:53:01 +0530] 0:0:0:0:0:0:0:1 GET /emp/list HTTP/1.1 200 (499 ms)
[18/Dec/2020:09:53:02 +0530] 0:0:0:0:0:0:0:1 GET /favicon.ico HTTP/1.1 404 (254 ms)
[18/Dec/2020:10:03:49 +0530] 0:0:0:0:0:0:0:1 GET /emp/find/104 HTTP/1.1 200 (45 ms)
[18/Dec/2020:10:05:22 +0530] 0:0:0:0:0:0:0:1 GET /emp/find/104 HTTP/1.1 200 (25 ms)
[18/Dec/2020:10:38:44 +0530] 0:0:0:0:0:0:0:1 GET /emp/list HTTP/1.1 200 (26 ms)
[18/Dec/2020:10:40:20 +0530] 0:0:0:0:0:0:0:1 GET /emp/list HTTP/1.1 200 (17 ms)
[18/Dec/2020:10:42:09 +0530] 0:0:0:0:0:0:0:1 GET /emp/list HTTP/1.1 200 (857 ms)
[18/Dec/2020:10:43:02 +0530] 0:0:0:0:0:0:0:1 GET /emp/list HTTP/1.1 200 (47 ms)
[18/Dec/2020:10:44:47 +0530] 0:0:0:0:0:0:0:1 GET /emp/list HTTP/1.1 200 (42 ms)
[18/Dec/2020:10:51:09 +0530] 0:0:0:0:0:0:0:1 GET /emp/list HTTP/1.1 200 (22 ms)
[18/Dec/2020:10:53:05 +0530] 0:0:0:0:0:0:0:1 GET /emp/list HTTP/1.1 200 (16 ms)
[18/Dec/2020:10:59:08 +0530] 0:0:0:0:0:0:0:1 GET /emp/list HTTP/1.1 200 (20 ms)
[18/Dec/2020:11:00:00 +0530] 0:0:0:0:0:0:0:1 GET /emp/list HTTP/1.1 200 (25 ms)
[18/Dec/2020:11:00:20 +0530] 0:0:0:0:0:0:0:1 GET /emp/list HTTP/1.1 200 (17 ms)
[18/Dec/2020:11:31:25 +0530] 0:0:0:0:0:0:0:1 GET /emp/list HTTP/1.1 200 (23 ms)
[18/Dec/2020:11:39:04 +0530] 0:0:0:0:0:0:0:1 GET /emp/list HTTP/1.1 200 (15 ms)
[18/Dec/2020:11:39:12 +0530] 0:0:0:0:0:0:0:1 GET /emp/list HTTP/1.1 200 (14 ms)
[18/Dec/2020:11:39:15 +0530] 0:0:0:0:0:0:0:1 GET /emp/list HTTP/1.1 200 (10 ms)
[18/Dec/2020:11:39:19 +0530] 0:0:0:0:0:0:0:1 GET /emp/list HTTP/1.1 200 (10 ms)
[18/Dec/2020:11:39:23 +0530] 0:0:0:0:0:0:0:1 GET /emp/list HTTP/1.1 200 (10 ms)
[18/Dec/2020:11:39:28 +0530] 0:0:0:0:0:0:0:1 GET /emp/list HTTP/1.1 200 (19 ms)
[18/Dec/2020:11:41:17 +0530] 0:0:0:0:0:0:0:1 GET /emp/list HTTP/1.1 200 (16 ms)
[18/Dec/2020:11:41:31 +0530] 0:0:0:0:0:0:0:1 GET /emp/list HTTP/1.1 200 (10 ms)
[18/Dec/2020:11:41:37 +0530] 0:0:0:0:0:0:0:1 GET /emp/list HTTP/1.1 200 (11 ms)
[18/Dec/2020:11:41:41 +0530] 0:0:0:0:0:0:0:1 GET /emp/list HTTP/1.1 200 (10 ms)
[18/Dec/2020:11:41:44 +0530] 0:0:0:0:0:0:0:1 GET /emp/list HTTP/1.1 200 (10 ms)
[18/Dec/2020:11:43:38 +0530] 0:0:0:0:0:0:0:1 GET /emp/list HTTP/1.1 200 (16 ms)
[18/Dec/2020:11:48:48 +0530] 0:0:0:0:0:0:0:1 GET /emp/list HTTP/1.1 200 (13 ms)
[18/Dec/2020:11:49:00 +0530] 0:0:0:0:0:0:0:1 GET /emp/list HTTP/1.1 200 (13 ms)
[18/Dec/2020:11:49:52 +0530] 0:0:0:0:0:0:0:1 GET /emp/list HTTP/1.1 200 (18 ms)
[18/Dec/2020:11:49:56 +0530] 0:0:0:0:0:0:0:1 GET /emp/list HTTP/1.1 200 (17 ms)
[18/Dec/2020:11:52:04 +0530] 0:0:0:0:0:0:0:1 GET /emp/list HTTP/1.1 200 (15 ms)
[18/Dec/2020:11:52:12 +0530] 0:0:0:0:0:0:0:1 GET /emp/list HTTP/1.1 200 (13 ms)
[18/Dec/2020:11:52:14 +0530] 0:0:0:0:0:0:0:1 GET /emp/find/1 HTTP/1.1 200 (41 ms)
[18/Dec/2020:11:52:29 +0530] 0:0:0:0:0:0:0:1 GET /emp/list HTTP/1.1 200 (22 ms)
[18/Dec/2020:11:56:00 +0530] 0:0:0:0:0:0:0:1 GET /emp/find/1 HTTP/1.1 200 (10 ms)
[18/Dec/2020:11:56:02 +0530] 0:0:0:0:0:0:0:1 GET /emp/list HTTP/1.1 200 (8 ms)
[18/Dec/2020:11:56:04 +0530] 0:0:0:0:0:0:0:1 GET /emp/find/2 HTTP/1.1 200 (6 ms)
[18/Dec/2020:11:56:05 +0530] 0:0:0:0:0:0:0:1 GET /emp/list HTTP/1.1 200 (8 ms)
[18/Dec/2020:11:56:06 +0530] 0:0:0:0:0:0:0:1 GET /emp/find/5 HTTP/1.1 200 (4 ms)
[18/Dec/2020:11:56:08 +0530] 0:0:0:0:0:0:0:1 GET /emp/list HTTP/1.1 200 (6 ms)
[18/Dec/2020:11:56:09 +0530] 0:0:0:0:0:0:0:1 GET /emp/find/100 HTTP/1.1 200 (5 ms)
[18/Dec/2020:11:56:31 +0530] 0:0:0:0:0:0:0:1 GET /emp/list HTTP/1.1 200 (13 ms)
[18/Dec/2020:11:56:32 +0530] 0:0:0:0:0:0:0:1 GET /emp/find/2 HTTP/1.1 200 (6 ms)
[18/Dec/2020:11:56:34 +0530] 0:0:0:0:0:0:0:1 GET /emp/list HTTP/1.1 200 (14 ms)
[18/Dec/2020:11:56:35 +0530] 0:0:0:0:0:0:0:1 GET /emp/find/100 HTTP/1.1 200 (6 ms)
[18/Dec/2020:11:56:39 +0530] 0:0:0:0:0:0:0:1 GET /emp/list HTTP/1.1 200 (15 ms)
[18/Dec/2020:11:56:45 +0530] 0:0:0:0:0:0:0:1 GET /emp/find/1 HTTP/1.1 200 (10 ms)
[18/Dec/2020:12:08:03 +0530] 0:0:0:0:0:0:0:1 GET /emp/find/1 HTTP/1.1 200 (17 ms)
[18/Dec/2020:12:08:36 +0530] 0:0:0:0:0:0:0:1 GET /emp/find/1 HTTP/1.1 200 (9 ms)
[18/Dec/2020:12:11:21 +0530] 0:0:0:0:0:0:0:1 GET /emp/find/1 HTTP/1.1 200 (9 ms)
[18/Dec/2020:12:11:27 +0530] 0:0:0:0:0:0:0:1 GET /emp/find/1 HTTP/1.1 200 (8 ms)
[18/Dec/2020:12:11:34 +0530] 0:0:0:0:0:0:0:1 GET /emp/find/1 HTTP/1.1 200 (8 ms)
[18/Dec/2020:12:12:01 +0530] 0:0:0:0:0:0:0:1 GET /emp/list HTTP/1.1 200 (9 ms)
[18/Dec/2020:12:13:30 +0530] 0:0:0:0:0:0:0:1 GET /emp/list HTTP/1.1 200 (9 ms)
[18/Dec/2020:12:15:51 +0530] 0:0:0:0:0:0:0:1 GET /emp/list HTTP/1.1 200 (9 ms)
[18/Dec/2020:12:15:53 +0530] 0:0:0:0:0:0:0:1 GET /emp/find/1 HTTP/1.1 200 (8 ms)
[18/Dec/2020:12:17:12 +0530] 0:0:0:0:0:0:0:1 GET /emp/find/1 HTTP/1.1 200 (8 ms)
[18/Dec/2020:12:17:26 +0530] 0:0:0:0:0:0:0:1 GET /emp/list HTTP/1.1 200 (9 ms)
[18/Dec/2020:12:17:29 +0530] 0:0:0:0:0:0:0:1 GET /emp/find/100 HTTP/1.1 200 (6 ms)
[18/Dec/2020:12:17:45 +0530] 0:0:0:0:0:0:0:1 GET /emp/find/100 HTTP/1.1 200 (12 ms)
[18/Dec/2020:12:17:57 +0530] 0:0:0:0:0:0:0:1 GET /emp/find/100 HTTP/1.1 200 (14 ms)
[18/Dec/2020:12:18:12 +0530] 0:0:0:0:0:0:0:1 GET /emp/list HTTP/1.1 200 (9 ms)
[18/Dec/2020:12:18:14 +0530] 0:0:0:0:0:0:0:1 GET /emp/find/103 HTTP/1.1 200 (5 ms)
[18/Dec/2020:12:18:16 +0530] 0:0:0:0:0:0:0:1 GET /emp/list HTTP/1.1 200 (10 ms)
[18/Dec/2020:12:18:17 +0530] 0:0:0:0:0:0:0:1 GET /emp/find/112 HTTP/1.1 200 (5 ms)
[18/Dec/2020:12:18:19 +0530] 0:0:0:0:0:0:0:1 GET /emp/list HTTP/1.1 200 (9 ms)
[18/Dec/2020:12:18:20 +0530] 0:0:0:0:0:0:0:1 GET /emp/find/116 HTTP/1.1 200 (5 ms)
[18/Dec/2020:12:18:22 +0530] 0:0:0:0:0:0:0:1 GET /emp/list HTTP/1.1 200 (8 ms)
[18/Dec/2020:12:19:02 +0530] 0:0:0:0:0:0:0:1 GET /emp/list HTTP/1.1 200 (9 ms)
[18/Dec/2020:12:19:03 +0530] 0:0:0:0:0:0:0:1 GET /emp/find/1 HTTP/1.1 200 (7 ms)
[18/Dec/2020:12:19:05 +0530] 0:0:0:0:0:0:0:1 GET /emp/list HTTP/1.1 200 (10 ms)
[18/Dec/2020:12:24:46 +0530] 0:0:0:0:0:0:0:1 GET /emp/list HTTP/1.1 200 (13 ms)
[18/Dec/2020:12:24:59 +0530] 0:0:0:0:0:0:0:1 GET /emp/list HTTP/1.1 200 (7 ms)
[18/Dec/2020:12:25:11 +0530] 0:0:0:0:0:0:0:1 GET /emp/list HTTP/1.1 200 (8 ms)
[18/Dec/2020:12:25:38 +0530] 0:0:0:0:0:0:0:1 GET /emp/list HTTP/1.1 200 (8 ms)
[18/Dec/2020:12:27:39 +0530] 0:0:0:0:0:0:0:1 GET /emp/list HTTP/1.1 200 (13 ms)
[18/Dec/2020:12:27:43 +0530] 0:0:0:0:0:0:0:1 GET /emp/list HTTP/1.1 200 (12 ms)
[18/Dec/2020:12:27:44 +0530] 0:0:0:0:0:0:0:1 GET /emp/find/3 HTTP/1.1 200 (6 ms)
[18/Dec/2020:12:28:42 +0530] 0:0:0:0:0:0:0:1 GET /emp/find/3 HTTP/1.1 200 (13 ms)
[18/Dec/2020:12:29:11 +0530] 0:0:0:0:0:0:0:1 GET /emp/find/3 HTTP/1.1 200 (15 ms)
[18/Dec/2020:12:29:19 +0530] 0:0:0:0:0:0:0:1 GET /emp/find/3 HTTP/1.1 200 (15 ms)
[18/Dec/2020:12:29:30 +0530] 0:0:0:0:0:0:0:1 GET /emp/list HTTP/1.1 200 (11 ms)
[18/Dec/2020:12:29:32 +0530] 0:0:0:0:0:0:0:1 GET /emp/find/5 HTTP/1.1 200 (8 ms)
[18/Dec/2020:12:48:46 +0530] 0:0:0:0:0:0:0:1 GET /emp/find/104 HTTP/1.1 200 (9 ms)
[18/Dec/2020:12:48:56 +0530] 0:0:0:0:0:0:0:1 GET /emp/list HTTP/1.1 200 (7 ms)
[18/Dec/2020:12:49:00 +0530] 0:0:0:0:0:0:0:1 GET /emp/find/104 HTTP/1.1 200 (6 ms)
[18/Dec/2020:12:49:11 +0530] 0:0:0:0:0:0:0:1 GET /emp/list HTTP/1.1 200 (7 ms)
[18/Dec/2020:12:49:14 +0530] 0:0:0:0:0:0:0:1 GET /emp/find/104 HTTP/1.1 200 (9 ms)
[18/Dec/2020:12:49:40 +0530] 0:0:0:0:0:0:0:1 GET /emp/find/104 HTTP/1.1 200 (9 ms)
[18/Dec/2020:12:49:48 +0530] 0:0:0:0:0:0:0:1 GET /emp/find/104 HTTP/1.1 200 (8 ms)
[18/Dec/2020:12:49:59 +0530] 0:0:0:0:0:0:0:1 GET /emp/list HTTP/1.1 200 (11 ms)
[18/Dec/2020:12:52:14 +0530] 0:0:0:0:0:0:0:1 GET /emp/find/555 HTTP/1.1 200 (15 ms)
[18/Dec/2020:12:52:31 +0530] 0:0:0:0:0:0:0:1 GET /emp/find/555 HTTP/1.1 200 (11 ms)
[18/Dec/2020:12:52:39 +0530] 0:0:0:0:0:0:0:1 GET /emp/find/104 HTTP/1.1 200 (6 ms)
[18/Dec/2020:12:52:47 +0530] 0:0:0:0:0:0:0:1 GET /emp/find/555 HTTP/1.1 200 (9 ms)
[18/Dec/2020:12:55:37 +0530] 0:0:0:0:0:0:0:1 GET /emp/find/555 HTTP/1.1 404 (23 ms)
[18/Dec/2020:12:58:43 +0530] 0:0:0:0:0:0:0:1 GET /emp/find/555 HTTP/1.1 404 (18 ms)
[18/Dec/2020:13:00:11 +0530] 0:0:0:0:0:0:0:1 GET /emp/list HTTP/1.1 200 (14 ms)
[18/Dec/2020:13:00:13 +0530] 0:0:0:0:0:0:0:1 GET /emp/find/2 HTTP/1.1 200 (7 ms)
[18/Dec/2020:13:00:21 +0530] 0:0:0:0:0:0:0:1 GET /emp/find/104 HTTP/1.1 200 (7 ms)
[18/Dec/2020:13:00:29 +0530] 0:0:0:0:0:0:0:1 GET /emp/find/555 HTTP/1.1 404 (12 ms)
[18/Dec/2020:14:07:24 +0530] 0:0:0:0:0:0:0:1 GET /emp/find/555 HTTP/1.1 404 (9 ms)
[18/Dec/2020:14:07:24 +0530] 0:0:0:0:0:0:0:1 GET /emp/find/555 HTTP/1.1 404 (6 ms)
[18/Dec/2020:14:08:30 +0530] 0:0:0:0:0:0:0:1 GET /emp/find/555 HTTP/1.1 404 (9 ms)
[18/Dec/2020:14:08:30 +0530] 0:0:0:0:0:0:0:1 GET /emp/find/555 HTTP/1.1 404 (4 ms)
[18/Dec/2020:14:09:06 +0530] 0:0:0:0:0:0:0:1 GET /emp/find/555 HTTP/1.1 404 (4 ms)
[18/Dec/2020:14:09:06 +0530] 0:0:0:0:0:0:0:1 GET /emp/find/555 HTTP/1.1 404 (4 ms)
[18/Dec/2020:14:09:31 +0530] 0:0:0:0:0:0:0:1 GET /emp/find/555 HTTP/1.1 404 (4 ms)
[18/Dec/2020:14:21:19 +0530] 0:0:0:0:0:0:0:1 GET /emp/find/555 HTTP/1.1 404 (15 ms)
[18/Dec/2020:14:21:19 +0530] 0:0:0:0:0:0:0:1 GET /emp/find/555 HTTP/1.1 404 (9 ms)
[18/Dec/2020:14:22:05 +0530] 0:0:0:0:0:0:0:1 GET /emp/find/555 HTTP/1.1 404 (9 ms)
[18/Dec/2020:14:22:05 +0530] 0:0:0:0:0:0:0:1 GET /emp/find/555 HTTP/1.1 404 (8 ms)
[18/Dec/2020:14:22:46 +0530] 0:0:0:0:0:0:0:1 GET /emp/find/555 HTTP/1.1 404 (14 ms)
[18/Dec/2020:14:22:46 +0530] 0:0:0:0:0:0:0:1 GET /emp/find/555 HTTP/1.1 404 (11 ms)
[18/Dec/2020:14:23:14 +0530] 0:0:0:0:0:0:0:1 GET /emp/find/555 HTTP/1.1 404 (10 ms)
[18/Dec/2020:14:23:14 +0530] 0:0:0:0:0:0:0:1 GET /emp/find/555 HTTP/1.1 404 (6 ms)
[18/Dec/2020:14:29:39 +0530] 0:0:0:0:0:0:0:1 GET /emp/find/555 HTTP/1.1 404 (11 ms)
[18/Dec/2020:14:29:39 +0530] 0:0:0:0:0:0:0:1 GET /emp/find/555 HTTP/1.1 404 (7 ms)
[18/Dec/2020:14:30:59 +0530] 0:0:0:0:0:0:0:1 GET /emp/find/555 HTTP/1.1 404 (10 ms)
[18/Dec/2020:14:30:59 +0530] 0:0:0:0:0:0:0:1 GET /emp/find/555 HTTP/1.1 404 (8 ms)
[18/Dec/2020:14:31:38 +0530] 0:0:0:0:0:0:0:1 GET /emp/find/555 HTTP/1.1 404 (10 ms)
[18/Dec/2020:14:31:38 +0530] 0:0:0:0:0:0:0:1 GET /emp/find/555 HTTP/1.1 404 (5 ms)
[18/Dec/2020:14:33:06 +0530] 0:0:0:0:0:0:0:1 GET /emp/find/555 HTTP/1.1 404 (8 ms)
[18/Dec/2020:14:33:07 +0530] 0:0:0:0:0:0:0:1 GET /emp/find/555 HTTP/1.1 404 (11 ms)
[18/Dec/2020:14:33:07 +0530] 0:0:0:0:0:0:0:1 GET /emp/list HTTP/1.1 200 (11 ms)
[18/Dec/2020:14:33:53 +0530] 0:0:0:0:0:0:0:1 GET /emp/list HTTP/1.1 200 (11 ms)
[18/Dec/2020:14:34:23 +0530] 0:0:0:0:0:0:0:1 GET /emp/find/555 HTTP/1.1 404 (10 ms)
[18/Dec/2020:14:34:23 +0530] 0:0:0:0:0:0:0:1 GET /emp/find/555 HTTP/1.1 404 (9 ms)
[18/Dec/2020:14:52:15 +0530] 0:0:0:0:0:0:0:1 GET /emp/find/555 HTTP/1.1 404 (162 ms)
[18/Dec/2020:14:56:12 +0530] 0:0:0:0:0:0:0:1 GET /emp/find/555 HTTP/1.1 404 (13 ms)
[18/Dec/2020:15:02:27 +0530] 0:0:0:0:0:0:0:1 GET /emp/find/555 HTTP/1.1 404 (15 ms)
[18/Dec/2020:15:02:27 +0530] 0:0:0:0:0:0:0:1 GET /emp/find/555 HTTP/1.1 404 (10 ms)
[18/Dec/2020:15:04:04 +0530] 0:0:0:0:0:0:0:1 GET /emp/find/555 HTTP/1.1 404 (12 ms)
[18/Dec/2020:15:04:04 +0530] 0:0:0:0:0:0:0:1 GET /emp/find/555 HTTP/1.1 404 (9 ms)
[18/Dec/2020:15:04:51 +0530] 0:0:0:0:0:0:0:1 GET /emp/find/555 HTTP/1.1 404 (10 ms)
[18/Dec/2020:15:04:51 +0530] 0:0:0:0:0:0:0:1 GET /emp/find/555 HTTP/1.1 404 (9 ms)
[18/Dec/2020:15:07:33 +0530] 0:0:0:0:0:0:0:1 GET /emp/find/555 HTTP/1.1 404 (10 ms)
[18/Dec/2020:15:07:33 +0530] 0:0:0:0:0:0:0:1 GET /emp/find/555 HTTP/1.1 404 (9 ms)
[18/Dec/2020:15:09:12 +0530] 0:0:0:0:0:0:0:1 GET /emp/find/555 HTTP/1.1 404 (8 ms)
[18/Dec/2020:15:10:32 +0530] 0:0:0:0:0:0:0:1 GET /emp/find/555 HTTP/1.1 404 (20 ms)
[18/Dec/2020:15:11:42 +0530] 0:0:0:0:0:0:0:1 GET /emp/find/555 HTTP/1.1 404 (10 ms)
[18/Dec/2020:15:24:53 +0530] 0:0:0:0:0:0:0:1 GET /emp/list HTTP/1.1 200 (396 ms)
[18/Dec/2020:16:53:49 +0530] 0:0:0:0:0:0:0:1 OPTIONS /emp/save HTTP/1.1 200 (43 ms)
[18/Dec/2020:16:53:49 +0530] 0:0:0:0:0:0:0:1 POST /emp/save HTTP/1.1 200 (194 ms)
[18/Dec/2020:16:55:53 +0530] 0:0:0:0:0:0:0:1 POST /emp/save HTTP/1.1 200 (9 ms)
[18/Dec/2020:17:00:29 +0530] 0:0:0:0:0:0:0:1 POST /emp/save HTTP/1.1 200 (16 ms)
[18/Dec/2020:17:00:36 +0530] 0:0:0:0:0:0:0:1 POST /emp/save HTTP/1.1 200 (6 ms)
[18/Dec/2020:17:01:34 +0530] 0:0:0:0:0:0:0:1 POST /emp/save HTTP/1.1 200 (6 ms)
[18/Dec/2020:17:01:53 +0530] 0:0:0:0:0:0:0:1 POST /emp/save HTTP/1.1 200 (19 ms)
[18/Dec/2020:17:01:58 +0530] 0:0:0:0:0:0:0:1 POST /emp/save HTTP/1.1 200 (8 ms)
